<?xml version="1.0" encoding="UTF-8"?>
<testsuite xmlns:xsi="http://www.w3.org/2001/XMLSchema-instance" xsi:noNamespaceSchemaLocation="https://maven.apache.org/surefire/maven-surefire-plugin/xsd/surefire-test-report-3.0.xsd" version="3.0" name="model.QuestionTest" time="0.031" tests="5" errors="0" skipped="0" failures="0">
  <properties>
[...]
</properties>
  <testcase name="testGetPointsWithoutSubQuestions" classname="model.QuestionTest" time="0.0"/>
  <testcase name="testAddSubQuestion" classname="model.QuestionTest" time="0.002"/>
  <testcase name="testGetPointsWithSubQuestions" classname="model.QuestionTest" time="0.003"/>
  <testcase name="testSetters" classname="model.QuestionTest" time="0.002"/>
  <testcase name="testQuestionConstructorAndGetters" classname="model.QuestionTest" time="0.006"/>
</testsuite>